#
# There is insufficient memory for the Java Runtime Environment to continue.
# Native memory allocation (mmap) failed to map 134217728 bytes for Failed to commit area from 0x0000000081c00000 to 0x0000000089c00000 of length 134217728.
# Possible reasons:
#   The system is out of physical RAM or swap space
#   The process is running with CompressedOops enabled, and the Java Heap may be blocking the growth of the native heap
# Possible solutions:
#   Reduce memory load on the system
#   Increase physical memory or swap space
#   Check if swap backing store is full
#   Decrease Java heap size (-Xmx/-Xms)
#   Decrease number of Java threads
#   Decrease Java thread stack sizes (-Xss)
#   Set larger code cache with -XX:ReservedCodeCacheSize=
# This output file may be truncated or incomplete.
#
#  Out of Memory Error (t:/workspace/open/src/hotspot/os/windows/os_windows.cpp:3264), pid=2688, tid=4324
#
# JRE version:  (12.0.2+10) (build )
# Java VM: Java HotSpot(TM) 64-Bit Server VM (12.0.2+10, mixed mode, aot, sharing, tiered, compressed oops, g1 gc, windows-amd64)
# No core dump will be written. Minidumps are not enabled by default on client versions of Windows
#

---------------  S U M M A R Y ------------

Command Line: -Dclassworlds.conf=C:\netbeans\java\maven\bin\m2.conf -Dmaven.home=C:\netbeans\java\maven -Dmaven.multiModuleProjectDirectory=C:\Users\danny\OneDrive\Documents\NetBeansProjects\CharsInString org.codehaus.plexus.classworlds.launcher.Launcher -Dexec.args=-classpath %classpath charsinstring.CharsInString -Dexec.executable=C:\Program Files\Java\jdk-12.0.2\bin\java.exe -Dmaven.ext.class.path=C:\netbeans\java\maven-nblib\netbeans-eventspy.jar -Dfile.encoding=UTF-8 process-classes org.codehaus.mojo:exec-maven-plugin:1.5.0:exec

Host: Intel(R) Core(TM) i5-8250U CPU @ 1.60GHz, 8 cores, 7G,  Windows 10 , 64 bit Build 17763 (10.0.17763.475)
Time: Tue Feb 25 22:36:34 2020 Eastern Standard Time elapsed time: 0 seconds (0d 0h 0m 0s)

---------------  T H R E A D  ---------------

Current thread (0x000001c02fefd000):  JavaThread "Unknown thread" [_thread_in_vm, id=4324, stack(0x000000156d000000,0x000000156d100000)]

Stack: [0x000000156d000000,0x000000156d100000]
Native frames: (J=compiled Java code, j=interpreted, Vv=VM code, C=native code)
V  [jvm.dll+0x63aa2a]
V  [jvm.dll+0x78ce1e]
V  [jvm.dll+0x78e4c1]
V  [jvm.dll+0x78eb13]
V  [jvm.dll+0x2627e8]
V  [jvm.dll+0x637f5a]
V  [jvm.dll+0x62c845]
V  [jvm.dll+0x31e49c]
V  [jvm.dll+0x31e2cf]
V  [jvm.dll+0x324006]
V  [jvm.dll+0x371f56]
V  [jvm.dll+0x371720]
V  [jvm.dll+0x2f845a]
V  [jvm.dll+0x2f96d2]
V  [jvm.dll+0x767267]
V  [jvm.dll+0x7689f5]
V  [jvm.dll+0x380059]
V  [jvm.dll+0x74b794]
V  [jvm.dll+0x3ef5cd]
V  [jvm.dll+0x3f1471]
C  [jli.dll+0x51cf]
C  [ucrtbase.dll+0x21ffa]
C  [KERNEL32.DLL+0x17974]
C  [ntdll.dll+0x6a261]


---------------  P R O C E S S  ---------------

Threads class SMR info:
_java_thread_list=0x00007ffb05b17928, length=0, elements={
}

Java Threads: ( => current thread )

Other Threads:
  0x000001c02ff3c000 GCTaskThread "GC Thread#0" [stack: 0x000000156d100000,0x000000156d200000] [id=5356]
  0x000001c02ff49800 ConcurrentGCThread "G1 Main Marker" [stack: 0x000000156d200000,0x000000156d300000] [id=372]
  0x000001c02ff4c800 ConcurrentGCThread "G1 Conc#0" [stack: 0x000000156d300000,0x000000156d400000] [id=11384]

[error occurred during error reporting (printing all threads), id 0xc0000005, EXCEPTION_ACCESS_VIOLATION (0xc0000005) at pc=0x00007ffb053485e7]

VM state:not at safepoint (not fully initialized)

VM Mutex/Monitor currently owned by a thread:  ([mutex/lock_event])
[0x000001c02fef9420] Heap_lock - owner thread: 0x000001c02fefd000

Heap address: 0x0000000081c00000, size: 2020 MB, Compressed Oops mode: Non-zero based: 0x0000000081c00000
Narrow klass base: 0x0000000000000000, Narrow klass shift: 0

GC Heap History (0 events):
No events

Deoptimization events (0 events):
No events

Classes redefined (0 events):
No events

Internal exceptions (0 events):
No events

Events (0 events):
No events


Dynamic libraries:
0x00007ff76e780000 - 0x00007ff76e78f000 	C:\Program Files\Java\jdk-12.0.2\bin\java.exe
0x00007ffb5fdd0000 - 0x00007ffb5ffbd000 	C:\WINDOWS\SYSTEM32\ntdll.dll
0x00007ffb5dae0000 - 0x00007ffb5db93000 	C:\WINDOWS\System32\KERNEL32.DLL
0x00007ffb5bfc0000 - 0x00007ffb5c253000 	C:\WINDOWS\System32\KERNELBASE.dll
0x00007ffb5c520000 - 0x00007ffb5c61a000 	C:\WINDOWS\System32\ucrtbase.dll
0x00007ffb21530000 - 0x00007ffb21548000 	C:\Program Files\Java\jdk-12.0.2\bin\jli.dll
0x00007ffb20270000 - 0x00007ffb20286000 	C:\Program Files\Java\jdk-12.0.2\bin\VCRUNTIME140.dll
0x00007ffb5d440000 - 0x00007ffb5d4e3000 	C:\WINDOWS\System32\ADVAPI32.dll
0x00007ffb5f8e0000 - 0x00007ffb5f97e000 	C:\WINDOWS\System32\msvcrt.dll
0x00007ffb5f6d0000 - 0x00007ffb5f76e000 	C:\WINDOWS\System32\sechost.dll
0x00007ffb5f5a0000 - 0x00007ffb5f6c2000 	C:\WINDOWS\System32\RPCRT4.dll
0x00007ffb5d2a0000 - 0x00007ffb5d437000 	C:\WINDOWS\System32\USER32.dll
0x00007ffb5c500000 - 0x00007ffb5c520000 	C:\WINDOWS\System32\win32u.dll
0x00007ffb3c040000 - 0x00007ffb3c2b9000 	C:\WINDOWS\WinSxS\amd64_microsoft.windows.common-controls_6595b64144ccf1df_6.0.17763.1039_none_de701650534c7021\COMCTL32.dll
0x00007ffb5f8a0000 - 0x00007ffb5f8c9000 	C:\WINDOWS\System32\GDI32.dll
0x00007ffb5d570000 - 0x00007ffb5d89c000 	C:\WINDOWS\System32\combase.dll
0x00007ffb5ce50000 - 0x00007ffb5cfe9000 	C:\WINDOWS\System32\gdi32full.dll
0x00007ffb5c460000 - 0x00007ffb5c500000 	C:\WINDOWS\System32\msvcp_win.dll
0x00007ffb5bf40000 - 0x00007ffb5bfbe000 	C:\WINDOWS\System32\bcryptPrimitives.dll
0x00007ffb4ccf0000 - 0x00007ffb4ccfa000 	C:\WINDOWS\SYSTEM32\VERSION.dll
0x00007ffb5d900000 - 0x00007ffb5d92e000 	C:\WINDOWS\System32\IMM32.DLL
0x00007ffb11430000 - 0x00007ffb114da000 	C:\Program Files\Java\jdk-12.0.2\bin\msvcp140.dll
0x00007ffb05040000 - 0x00007ffb05bb7000 	C:\Program Files\Java\jdk-12.0.2\bin\server\jvm.dll
0x00007ffb5dba0000 - 0x00007ffb5dba8000 	C:\WINDOWS\System32\PSAPI.DLL
0x00007ffb45e80000 - 0x00007ffb45e89000 	C:\WINDOWS\SYSTEM32\WSOCK32.dll
0x00007ffb598f0000 - 0x00007ffb59914000 	C:\WINDOWS\SYSTEM32\WINMM.dll
0x00007ffb5f530000 - 0x00007ffb5f59d000 	C:\WINDOWS\System32\WS2_32.dll
0x00007ffb59830000 - 0x00007ffb5985d000 	C:\WINDOWS\SYSTEM32\winmmbase.dll
0x00007ffb5cd70000 - 0x00007ffb5cdba000 	C:\WINDOWS\System32\cfgmgr32.dll
0x00007ffb5bdc0000 - 0x00007ffb5bdd1000 	C:\WINDOWS\System32\kernel.appcore.dll
0x00007ffb1ad30000 - 0x00007ffb1ad41000 	C:\Program Files\Java\jdk-12.0.2\bin\verify.dll
0x00007ffb59af0000 - 0x00007ffb59cdd000 	C:\WINDOWS\SYSTEM32\DBGHELP.DLL
0x00007ffb42600000 - 0x00007ffb4262a000 	C:\WINDOWS\SYSTEM32\dbgcore.DLL
0x00007ffb1aa40000 - 0x00007ffb1aa66000 	C:\Program Files\Java\jdk-12.0.2\bin\java.dll
0x00007ffb18060000 - 0x00007ffb18077000 	C:\Program Files\Java\jdk-12.0.2\bin\zip.dll
0x00007ffb4e250000 - 0x00007ffb4e25a000 	C:\Program Files\Java\jdk-12.0.2\bin\jimage.dll

dbghelp: loaded successfully - version: 4.0.5 - missing functions: none
symbol engine: initialized successfully - sym options: 0x614 - pdb path: .;C:\Program Files\Java\jdk-12.0.2\bin;C:\WINDOWS\SYSTEM32;C:\WINDOWS\WinSxS\amd64_microsoft.windows.common-controls_6595b64144ccf1df_6.0.17763.1039_none_de701650534c7021;C:\Program Files\Java\jdk-12.0.2\bin\server

VM Arguments:
jvm_args: -Dclassworlds.conf=C:\netbeans\java\maven\bin\m2.conf -Dmaven.home=C:\netbeans\java\maven -Dmaven.multiModuleProjectDirectory=C:\Users\danny\OneDrive\Documents\NetBeansProjects\CharsInString 
java_command: org.codehaus.plexus.classworlds.launcher.Launcher -Dexec.args=-classpath %classpath charsinstring.CharsInString -Dexec.executable=C:\Program Files\Java\jdk-12.0.2\bin\java.exe -Dmaven.ext.class.path=C:\netbeans\java\maven-nblib\netbeans-eventspy.jar -Dfile.encoding=UTF-8 process-classes org.codehaus.mojo:exec-maven-plugin:1.5.0:exec
java_class_path (initial): C:\netbeans\java\maven\boot\plexus-classworlds-2.5.2.jar
Launcher Type: SUN_STANDARD

[Global flags]
     intx CICompilerCount                          = 4                                         {product} {ergonomic}
     uint ConcGCThreads                            = 2                                         {product} {ergonomic}
     uint G1ConcRefinementThreads                  = 8                                         {product} {ergonomic}
   size_t G1HeapRegionSize                         = 1048576                                   {product} {ergonomic}
    uintx GCDrainStackTargetSize                   = 64                                        {product} {ergonomic}
   size_t InitialHeapSize                          = 134217728                                 {product} {ergonomic}
   size_t MarkStackSize                            = 4194304                                   {product} {ergonomic}
   size_t MaxHeapSize                              = 2118123520                                {product} {ergonomic}
   size_t MinHeapDeltaBytes                        = 1048576                                   {product} {ergonomic}
    uintx NonNMethodCodeHeapSize                   = 5836300                                {pd product} {ergonomic}
    uintx NonProfiledCodeHeapSize                  = 122910970                              {pd product} {ergonomic}
    uintx ProfiledCodeHeapSize                     = 122910970                              {pd product} {ergonomic}
    uintx ReservedCodeCacheSize                    = 251658240                              {pd product} {ergonomic}
     bool SegmentedCodeCache                       = true                                      {product} {ergonomic}
     bool UseCompressedClassPointers               = true                                 {lp64_product} {ergonomic}
     bool UseCompressedOops                        = true                                 {lp64_product} {ergonomic}
     bool UseG1GC                                  = true                                      {product} {ergonomic}
     bool UseLargePagesIndividualAllocation        = false                                  {pd product} {ergonomic}

Logging:
Log output configuration:
 #0: stdout all=warning uptime,level,tags
 #1: stderr all=off uptime,level,tags

Environment Variables:
JAVA_HOME=C:\Program Files\Java\jdk-12.0.2
PATH=C:\Program Files (x86)\Intel\Intel(R) Management Engine Components\iCLS\;C:\Program Files\Intel\Intel(R) Management Engine Components\iCLS\;C:\WINDOWS\system32;C:\WINDOWS;C:\WINDOWS\System32\Wbem;C:\WINDOWS\System32\WindowsPowerShell\v1.0\;C:\WINDOWS\System32\OpenSSH\;C:\Program Files (x86)\Intel\Intel(R) Management Engine Components\DAL;C:\Program Files\Intel\Intel(R) Management Engine Components\DAL;C:\Program Files (x86)\Intel\Intel(R) Management Engine Components\IPT;C:\Program Files\Intel\Intel(R) Management Engine Components\IPT;C:\Program Files\Java\jdk-12.0.2\bin;C:\Program Files\Java\jdk-12.0.2\bin;C:\Program Files\Java\jdk-12.0.2\bin;C:\Program Files\Git\cmd;C:\Program Files\MySQL\MySQL Shell 8.0\bin\;C:\Users\danny\AppData\Local\Microsoft\WindowsApps;
USERNAME=danny
OS=Windows_NT
PROCESSOR_IDENTIFIER=Intel64 Family 6 Model 142 Stepping 10, GenuineIntel



---------------  S Y S T E M  ---------------

OS: Windows 10 , 64 bit Build 17763 (10.0.17763.475)

CPU:total 8 (initial active 8) (4 cores per cpu, 2 threads per core) family 6 model 142 stepping 10, cmov, cx8, fxsr, mmx, sse, sse2, sse3, ssse3, sse4.1, sse4.2, popcnt, avx, avx2, aes, clmul, erms, 3dnowpref, lzcnt, ht, tsc, tscinvbit, bmi1, bmi2, adx, fma

Memory: 4k page, system-wide physical 8076M (1263M free)
TotalPageFile size 23195M (AvailPageFile size 9M)
current process WorkingSet (physical memory assigned to process): 9M, peak: 9M
current process commit charge ("private bytes"): 60M, peak: 188M

vm_info: Java HotSpot(TM) 64-Bit Server VM (12.0.2+10) for windows-amd64 JRE (12.0.2+10), built on Jul 16 2019 01:56:17 by "mach5one" with MS VC++ 15.5 (VS2017)

END.
